<?xml version="1.0" encoding="UTF-8"?>
<!-- Generated by org.testng.reporters.JUnitReportReporter -->
<testsuite hostname="Jacob" failures="0" tests="1" name="cucumber.Options.TestNGFailedTestRunner$TestNGRunner" time="7.842" errors="0" timestamp="2024-05-13T22:25:03 IST" skipped="0">
  <testcase classname="cucumber.Options.TestNGFailedTestRunner$TestNGRunner" name="runScenario" time="7.842"/>
</testsuite> <!-- cucumber.Options.TestNGFailedTestRunner$TestNGRunner -->
