<?xml version="1.0" encoding="UTF-8"?>
<!-- Generated by org.testng.reporters.JUnitReportReporter -->
<testsuite hostname="Jacob" failures="0" tests="5" name="cucumber.Options.TestNGRunner" time="76.823" errors="0" timestamp="2024-05-13T22:55:02 IST" skipped="0">
  <testcase classname="cucumber.Options.TestNGRunner" name="runScenario" time="16.984"/>
  <testcase classname="cucumber.Options.TestNGRunner" name="runScenario" time="12.109"/>
  <testcase classname="cucumber.Options.TestNGRunner" name="runScenario" time="19.894"/>
  <testcase classname="cucumber.Options.TestNGRunner" name="runScenario" time="15.544"/>
  <testcase classname="cucumber.Options.TestNGRunner" name="runScenario" time="12.292"/>
</testsuite> <!-- cucumber.Options.TestNGRunner -->
