<?xml version="1.0" encoding="UTF-8"?>
<!-- Generated by org.testng.reporters.JUnitReportReporter -->
<testsuite hostname="Jacob" failures="0" tests="1" name="cucumber.Options.TestNGRunner" time="12.708" errors="0" timestamp="2024-05-13T22:56:59 IST" skipped="0">
  <testcase classname="cucumber.Options.TestNGRunner" name="runScenario" time="12.708"/>
</testsuite> <!-- cucumber.Options.TestNGRunner -->
